{"/Users/menglinurmamedova/Downloads/lesson6/jwt-auth/server.js": {"path":"/Users/menglinurmamedova/Downloads/lesson6/jwt-auth/server.js","statementMap":{"0":{"start":{"line":1,"column":16},"end":{"line":1,"column":34}},"1":{"start":{"line":2,"column":13},"end":{"line":2,"column":28}},"2":{"start":{"line":4,"column":12},"end":{"line":4,"column":21}},"3":{"start":{"line":6,"column":18},"end":{"line":8,"column":1}},"4":{"start":{"line":10,"column":0},"end":{"line":10,"column":27}},"5":{"start":{"line":12,"column":0},"end":{"line":12,"column":24}},"6":{"start":{"line":13,"column":0},"end":{"line":13,"column":48}},"7":{"start":{"line":15,"column":11},"end":{"line":15,"column":34}},"8":{"start":{"line":16,"column":13},"end":{"line":16,"column":20}},"9":{"start":{"line":19,"column":0},"end":{"line":25,"column":3}},"10":{"start":{"line":20,"column":2},"end":{"line":24,"column":5}},"11":{"start":{"line":27,"column":0},"end":{"line":33,"column":3}},"12":{"start":{"line":28,"column":2},"end":{"line":32,"column":5}},"13":{"start":{"line":35,"column":0},"end":{"line":37,"column":3}},"14":{"start":{"line":36,"column":2},"end":{"line":36,"column":39}},"15":{"start":{"line":39,"column":0},"end":{"line":39,"column":41}},"16":{"start":{"line":40,"column":0},"end":{"line":40,"column":41}},"17":{"start":{"line":43,"column":2},"end":{"line":49,"column":5}},"18":{"start":{"line":51,"column":2},"end":{"line":57,"column":5}},"19":{"start":{"line":61,"column":0},"end":{"line":74,"column":1}},"20":{"start":{"line":62,"column":15},"end":{"line":62,"column":39}},"21":{"start":{"line":63,"column":2},"end":{"line":67,"column":5}},"22":{"start":{"line":64,"column":4},"end":{"line":64,"column":35}},"23":{"start":{"line":65,"column":4},"end":{"line":65,"column":14}},"24":{"start":{"line":66,"column":4},"end":{"line":66,"column":54}},"25":{"start":{"line":70,"column":2},"end":{"line":73,"column":5}},"26":{"start":{"line":71,"column":4},"end":{"line":71,"column":45}},"27":{"start":{"line":72,"column":4},"end":{"line":72,"column":14}},"28":{"start":{"line":76,"column":0},"end":{"line":76,"column":21}}},"fnMap":{"0":{"name":"(anonymous_0)","decl":{"start":{"line":19,"column":19},"end":{"line":19,"column":20}},"loc":{"start":{"line":19,"column":33},"end":{"line":25,"column":1}},"line":19},"1":{"name":"(anonymous_1)","decl":{"start":{"line":27,"column":20},"end":{"line":27,"column":21}},"loc":{"start":{"line":27,"column":34},"end":{"line":33,"column":1}},"line":27},"2":{"name":"(anonymous_2)","decl":{"start":{"line":35,"column":13},"end":{"line":35,"column":14}},"loc":{"start":{"line":35,"column":27},"end":{"line":37,"column":1}},"line":35},"3":{"name":"initial","decl":{"start":{"line":42,"column":9},"end":{"line":42,"column":16}},"loc":{"start":{"line":42,"column":19},"end":{"line":58,"column":1}},"line":42},"4":{"name":"(anonymous_4)","decl":{"start":{"line":63,"column":27},"end":{"line":63,"column":28}},"loc":{"start":{"line":63,"column":33},"end":{"line":67,"column":3}},"line":63},"5":{"name":"(anonymous_5)","decl":{"start":{"line":70,"column":27},"end":{"line":70,"column":28}},"loc":{"start":{"line":70,"column":33},"end":{"line":73,"column":3}},"line":70}},"branchMap":{"0":{"loc":{"start":{"line":61,"column":0},"end":{"line":74,"column":1}},"type":"if","locations":[{"start":{"line":61,"column":0},"end":{"line":74,"column":1}},{"start":{"line":68,"column":7},"end":{"line":74,"column":1}}],"line":61},"1":{"loc":{"start":{"line":62,"column":15},"end":{"line":62,"column":39}},"type":"binary-expr","locations":[{"start":{"line":62,"column":15},"end":{"line":62,"column":31}},{"start":{"line":62,"column":35},"end":{"line":62,"column":39}}],"line":62}},"s":{"0":2,"1":2,"2":2,"3":2,"4":2,"5":2,"6":2,"7":2,"8":2,"9":2,"10":0,"11":2,"12":0,"13":2,"14":0,"15":2,"16":2,"17":2,"18":2,"19":2,"20":0,"21":0,"22":0,"23":0,"24":0,"25":2,"26":2,"27":2,"28":2},"f":{"0":0,"1":0,"2":0,"3":2,"4":0,"5":2},"b":{"0":[0,2],"1":[0,0]},"_coverageSchema":"1a1c01bbd47fc00a2c39e90264f33305004495a9","hash":"841d470a88bdf3f8b38fe562bf563a81ebe09100"}
,"/Users/menglinurmamedova/Downloads/lesson6/jwt-auth/app/config/auth.config.js": {"path":"/Users/menglinurmamedova/Downloads/lesson6/jwt-auth/app/config/auth.config.js","statementMap":{"0":{"start":{"line":1,"column":0},"end":{"line":4,"column":2}}},"fnMap":{},"branchMap":{},"s":{"0":2},"f":{},"b":{},"_coverageSchema":"1a1c01bbd47fc00a2c39e90264f33305004495a9","hash":"19f389366cf26f3268019e244d143f34f7984abf"}
,"/Users/menglinurmamedova/Downloads/lesson6/jwt-auth/app/config/db.config.js": {"path":"/Users/menglinurmamedova/Downloads/lesson6/jwt-auth/app/config/db.config.js","statementMap":{"0":{"start":{"line":1,"column":0},"end":{"line":13,"column":2}}},"fnMap":{},"branchMap":{"0":{"loc":{"start":{"line":2,"column":8},"end":{"line":2,"column":42}},"type":"binary-expr","locations":[{"start":{"line":2,"column":8},"end":{"line":2,"column":27}},{"start":{"line":2,"column":31},"end":{"line":2,"column":42}}],"line":2},"1":{"loc":{"start":{"line":3,"column":8},"end":{"line":3,"column":47}},"type":"binary-expr","locations":[{"start":{"line":3,"column":8},"end":{"line":3,"column":27}},{"start":{"line":3,"column":31},"end":{"line":3,"column":47}}],"line":3},"2":{"loc":{"start":{"line":4,"column":12},"end":{"line":4,"column":58}},"type":"binary-expr","locations":[{"start":{"line":4,"column":12},"end":{"line":4,"column":35}},{"start":{"line":4,"column":39},"end":{"line":4,"column":58}}],"line":4},"3":{"loc":{"start":{"line":5,"column":6},"end":{"line":5,"column":42}},"type":"binary-expr","locations":[{"start":{"line":5,"column":6},"end":{"line":5,"column":25}},{"start":{"line":5,"column":29},"end":{"line":5,"column":42}}],"line":5}},"s":{"0":2},"f":{},"b":{"0":[2,2],"1":[2,2],"2":[2,2],"3":[2,2]},"_coverageSchema":"1a1c01bbd47fc00a2c39e90264f33305004495a9","hash":"7c160e080d0cede4b580e69a5c639373f1742079"}
,"/Users/menglinurmamedova/Downloads/lesson6/jwt-auth/app/controllers/auth.controller.js": {"path":"/Users/menglinurmamedova/Downloads/lesson6/jwt-auth/app/controllers/auth.controller.js","statementMap":{"0":{"start":{"line":1,"column":11},"end":{"line":1,"column":31}},"1":{"start":{"line":2,"column":15},"end":{"line":2,"column":47}},"2":{"start":{"line":3,"column":13},"end":{"line":3,"column":20}},"3":{"start":{"line":4,"column":13},"end":{"line":4,"column":20}},"4":{"start":{"line":5,"column":19},"end":{"line":5,"column":32}},"5":{"start":{"line":7,"column":11},"end":{"line":7,"column":26}},"6":{"start":{"line":9,"column":10},"end":{"line":9,"column":33}},"7":{"start":{"line":10,"column":13},"end":{"line":10,"column":32}},"8":{"start":{"line":11,"column":23},"end":{"line":11,"column":38}},"9":{"start":{"line":13,"column":0},"end":{"line":41,"column":2}},"10":{"start":{"line":14,"column":2},"end":{"line":40,"column":7}},"11":{"start":{"line":20,"column":6},"end":{"line":36,"column":7}},"12":{"start":{"line":21,"column":8},"end":{"line":31,"column":11}},"13":{"start":{"line":28,"column":10},"end":{"line":30,"column":13}},"14":{"start":{"line":29,"column":12},"end":{"line":29,"column":67}},"15":{"start":{"line":33,"column":8},"end":{"line":35,"column":11}},"16":{"start":{"line":34,"column":10},"end":{"line":34,"column":65}},"17":{"start":{"line":39,"column":6},"end":{"line":39,"column":53}},"18":{"start":{"line":43,"column":0},"end":{"line":121,"column":2}},"19":{"start":{"line":44,"column":2},"end":{"line":120,"column":7}},"20":{"start":{"line":50,"column":6},"end":{"line":52,"column":7}},"21":{"start":{"line":51,"column":8},"end":{"line":51,"column":68}},"22":{"start":{"line":54,"column":28},"end":{"line":57,"column":7}},"23":{"start":{"line":59,"column":6},"end":{"line":64,"column":7}},"24":{"start":{"line":60,"column":8},"end":{"line":63,"column":11}},"25":{"start":{"line":66,"column":22},"end":{"line":66,"column":30}},"26":{"start":{"line":67,"column":26},"end":{"line":78,"column":7}},"27":{"start":{"line":80,"column":27},"end":{"line":90,"column":7}},"28":{"start":{"line":92,"column":6},"end":{"line":92,"column":50}},"29":{"start":{"line":94,"column":6},"end":{"line":100,"column":9}},"30":{"start":{"line":102,"column":24},"end":{"line":102,"column":26}},"31":{"start":{"line":103,"column":6},"end":{"line":116,"column":9}},"32":{"start":{"line":104,"column":8},"end":{"line":106,"column":9}},"33":{"start":{"line":104,"column":21},"end":{"line":104,"column":22}},"34":{"start":{"line":105,"column":10},"end":{"line":105,"column":66}},"35":{"start":{"line":107,"column":8},"end":{"line":115,"column":11}},"36":{"start":{"line":119,"column":6},"end":{"line":119,"column":53}},"37":{"start":{"line":123,"column":0},"end":{"line":187,"column":2}},"38":{"start":{"line":124,"column":27},"end":{"line":124,"column":35}},"39":{"start":{"line":126,"column":2},"end":{"line":128,"column":3}},"40":{"start":{"line":127,"column":4},"end":{"line":127,"column":75}},"41":{"start":{"line":130,"column":2},"end":{"line":186,"column":5}},"42":{"start":{"line":131,"column":4},"end":{"line":133,"column":5}},"43":{"start":{"line":132,"column":6},"end":{"line":132,"column":73}},"44":{"start":{"line":135,"column":4},"end":{"line":185,"column":9}},"45":{"start":{"line":137,"column":8},"end":{"line":139,"column":9}},"46":{"start":{"line":138,"column":10},"end":{"line":138,"column":77}},"47":{"start":{"line":141,"column":24},"end":{"line":141,"column":32}},"48":{"start":{"line":142,"column":31},"end":{"line":153,"column":9}},"49":{"start":{"line":155,"column":32},"end":{"line":165,"column":9}},"50":{"start":{"line":167,"column":8},"end":{"line":167,"column":55}},"51":{"start":{"line":169,"column":8},"end":{"line":175,"column":11}},"52":{"start":{"line":177,"column":8},"end":{"line":181,"column":11}},"53":{"start":{"line":184,"column":8},"end":{"line":184,"column":55}}},"fnMap":{"0":{"name":"(anonymous_0)","decl":{"start":{"line":13,"column":17},"end":{"line":13,"column":18}},"loc":{"start":{"line":13,"column":31},"end":{"line":41,"column":1}},"line":13},"1":{"name":"(anonymous_1)","decl":{"start":{"line":19,"column":10},"end":{"line":19,"column":11}},"loc":{"start":{"line":19,"column":20},"end":{"line":37,"column":5}},"line":19},"2":{"name":"(anonymous_2)","decl":{"start":{"line":27,"column":16},"end":{"line":27,"column":17}},"loc":{"start":{"line":27,"column":27},"end":{"line":31,"column":9}},"line":27},"3":{"name":"(anonymous_3)","decl":{"start":{"line":28,"column":36},"end":{"line":28,"column":37}},"loc":{"start":{"line":28,"column":42},"end":{"line":30,"column":11}},"line":28},"4":{"name":"(anonymous_4)","decl":{"start":{"line":33,"column":32},"end":{"line":33,"column":33}},"loc":{"start":{"line":33,"column":38},"end":{"line":35,"column":9}},"line":33},"5":{"name":"(anonymous_5)","decl":{"start":{"line":38,"column":11},"end":{"line":38,"column":12}},"loc":{"start":{"line":38,"column":20},"end":{"line":40,"column":5}},"line":38},"6":{"name":"(anonymous_6)","decl":{"start":{"line":43,"column":17},"end":{"line":43,"column":18}},"loc":{"start":{"line":43,"column":31},"end":{"line":121,"column":1}},"line":43},"7":{"name":"(anonymous_7)","decl":{"start":{"line":49,"column":10},"end":{"line":49,"column":11}},"loc":{"start":{"line":49,"column":20},"end":{"line":117,"column":5}},"line":49},"8":{"name":"(anonymous_8)","decl":{"start":{"line":103,"column":27},"end":{"line":103,"column":28}},"loc":{"start":{"line":103,"column":38},"end":{"line":116,"column":7}},"line":103},"9":{"name":"(anonymous_9)","decl":{"start":{"line":118,"column":11},"end":{"line":118,"column":12}},"loc":{"start":{"line":118,"column":20},"end":{"line":120,"column":5}},"line":118},"10":{"name":"(anonymous_10)","decl":{"start":{"line":123,"column":23},"end":{"line":123,"column":24}},"loc":{"start":{"line":123,"column":37},"end":{"line":187,"column":1}},"line":123},"11":{"name":"(anonymous_11)","decl":{"start":{"line":130,"column":49},"end":{"line":130,"column":50}},"loc":{"start":{"line":130,"column":67},"end":{"line":186,"column":3}},"line":130},"12":{"name":"(anonymous_12)","decl":{"start":{"line":136,"column":12},"end":{"line":136,"column":13}},"loc":{"start":{"line":136,"column":22},"end":{"line":182,"column":7}},"line":136},"13":{"name":"(anonymous_13)","decl":{"start":{"line":183,"column":13},"end":{"line":183,"column":14}},"loc":{"start":{"line":183,"column":22},"end":{"line":185,"column":7}},"line":183}},"branchMap":{"0":{"loc":{"start":{"line":20,"column":6},"end":{"line":36,"column":7}},"type":"if","locations":[{"start":{"line":20,"column":6},"end":{"line":36,"column":7}},{"start":{"line":32,"column":13},"end":{"line":36,"column":7}}],"line":20},"1":{"loc":{"start":{"line":50,"column":6},"end":{"line":52,"column":7}},"type":"if","locations":[{"start":{"line":50,"column":6},"end":{"line":52,"column":7}},{"start":{},"end":{}}],"line":50},"2":{"loc":{"start":{"line":59,"column":6},"end":{"line":64,"column":7}},"type":"if","locations":[{"start":{"line":59,"column":6},"end":{"line":64,"column":7}},{"start":{},"end":{}}],"line":59},"3":{"loc":{"start":{"line":126,"column":2},"end":{"line":128,"column":3}},"type":"if","locations":[{"start":{"line":126,"column":2},"end":{"line":128,"column":3}},{"start":{},"end":{}}],"line":126},"4":{"loc":{"start":{"line":131,"column":4},"end":{"line":133,"column":5}},"type":"if","locations":[{"start":{"line":131,"column":4},"end":{"line":133,"column":5}},{"start":{},"end":{}}],"line":131},"5":{"loc":{"start":{"line":137,"column":8},"end":{"line":139,"column":9}},"type":"if","locations":[{"start":{"line":137,"column":8},"end":{"line":139,"column":9}},{"start":{},"end":{}}],"line":137},"6":{"loc":{"start":{"line":137,"column":12},"end":{"line":137,"column":55}},"type":"binary-expr","locations":[{"start":{"line":137,"column":12},"end":{"line":137,"column":17}},{"start":{"line":137,"column":21},"end":{"line":137,"column":55}}],"line":137}},"s":{"0":2,"1":2,"2":2,"3":2,"4":2,"5":2,"6":2,"7":2,"8":2,"9":2,"10":2,"11":2,"12":1,"13":1,"14":1,"15":1,"16":1,"17":0,"18":2,"19":2,"20":2,"21":0,"22":2,"23":2,"24":0,"25":2,"26":2,"27":2,"28":2,"29":2,"30":2,"31":2,"32":2,"33":2,"34":2,"35":2,"36":0,"37":2,"38":1,"39":1,"40":0,"41":1,"42":1,"43":0,"44":1,"45":1,"46":0,"47":1,"48":1,"49":1,"50":1,"51":1,"52":1,"53":0},"f":{"0":2,"1":2,"2":1,"3":1,"4":1,"5":0,"6":2,"7":2,"8":2,"9":0,"10":1,"11":1,"12":1,"13":0},"b":{"0":[1,1],"1":[0,2],"2":[0,2],"3":[0,1],"4":[0,1],"5":[0,1],"6":[1,1]},"_coverageSchema":"1a1c01bbd47fc00a2c39e90264f33305004495a9","hash":"3ffc78f9c81900f5c6bb8c12327ce0213938b599"}
,"/Users/menglinurmamedova/Downloads/lesson6/jwt-auth/app/controllers/user.controller.js": {"path":"/Users/menglinurmamedova/Downloads/lesson6/jwt-auth/app/controllers/user.controller.js","statementMap":{"0":{"start":{"line":1,"column":0},"end":{"line":3,"column":2}},"1":{"start":{"line":2,"column":2},"end":{"line":2,"column":42}},"2":{"start":{"line":5,"column":0},"end":{"line":7,"column":2}},"3":{"start":{"line":6,"column":2},"end":{"line":6,"column":42}},"4":{"start":{"line":9,"column":0},"end":{"line":11,"column":2}},"5":{"start":{"line":10,"column":2},"end":{"line":10,"column":43}}},"fnMap":{"0":{"name":"(anonymous_0)","decl":{"start":{"line":1,"column":20},"end":{"line":1,"column":21}},"loc":{"start":{"line":1,"column":34},"end":{"line":3,"column":1}},"line":1},"1":{"name":"(anonymous_1)","decl":{"start":{"line":5,"column":20},"end":{"line":5,"column":21}},"loc":{"start":{"line":5,"column":34},"end":{"line":7,"column":1}},"line":5},"2":{"name":"(anonymous_2)","decl":{"start":{"line":9,"column":21},"end":{"line":9,"column":22}},"loc":{"start":{"line":9,"column":35},"end":{"line":11,"column":1}},"line":9}},"branchMap":{},"s":{"0":2,"1":0,"2":2,"3":6,"4":2,"5":0},"f":{"0":0,"1":6,"2":0},"b":{},"_coverageSchema":"1a1c01bbd47fc00a2c39e90264f33305004495a9","hash":"0ea8884672f45998f411db71bd47f3c3e49cf2ab"}
,"/Users/menglinurmamedova/Downloads/lesson6/jwt-auth/app/middleware/authJwt.js": {"path":"/Users/menglinurmamedova/Downloads/lesson6/jwt-auth/app/middleware/authJwt.js","statementMap":{"0":{"start":{"line":1,"column":12},"end":{"line":1,"column":35}},"1":{"start":{"line":2,"column":15},"end":{"line":2,"column":50}},"2":{"start":{"line":3,"column":11},"end":{"line":3,"column":31}},"3":{"start":{"line":4,"column":13},"end":{"line":4,"column":20}},"4":{"start":{"line":5,"column":19},"end":{"line":5,"column":32}},"5":{"start":{"line":7,"column":0},"end":{"line":56,"column":2}},"6":{"start":{"line":8,"column":14},"end":{"line":8,"column":43}},"7":{"start":{"line":10,"column":2},"end":{"line":14,"column":3}},"8":{"start":{"line":11,"column":4},"end":{"line":13,"column":7}},"9":{"start":{"line":16,"column":2},"end":{"line":55,"column":3}},"10":{"start":{"line":17,"column":20},"end":{"line":17,"column":52}},"11":{"start":{"line":18,"column":23},"end":{"line":23,"column":6}},"12":{"start":{"line":25,"column":4},"end":{"line":29,"column":5}},"13":{"start":{"line":26,"column":6},"end":{"line":28,"column":9}},"14":{"start":{"line":31,"column":4},"end":{"line":35,"column":5}},"15":{"start":{"line":32,"column":6},"end":{"line":34,"column":9}},"16":{"start":{"line":37,"column":4},"end":{"line":41,"column":5}},"17":{"start":{"line":38,"column":6},"end":{"line":40,"column":9}},"18":{"start":{"line":44,"column":4},"end":{"line":46,"column":7}},"19":{"start":{"line":48,"column":4},"end":{"line":48,"column":28}},"20":{"start":{"line":49,"column":4},"end":{"line":49,"column":34}},"21":{"start":{"line":50,"column":4},"end":{"line":50,"column":11}},"22":{"start":{"line":52,"column":4},"end":{"line":54,"column":7}},"23":{"start":{"line":58,"column":0},"end":{"line":74,"column":2}},"24":{"start":{"line":59,"column":2},"end":{"line":73,"column":5}},"25":{"start":{"line":60,"column":4},"end":{"line":72,"column":7}},"26":{"start":{"line":61,"column":6},"end":{"line":66,"column":7}},"27":{"start":{"line":61,"column":19},"end":{"line":61,"column":20}},"28":{"start":{"line":62,"column":8},"end":{"line":65,"column":9}},"29":{"start":{"line":63,"column":10},"end":{"line":63,"column":17}},"30":{"start":{"line":64,"column":10},"end":{"line":64,"column":17}},"31":{"start":{"line":68,"column":6},"end":{"line":70,"column":9}},"32":{"start":{"line":71,"column":6},"end":{"line":71,"column":13}},"33":{"start":{"line":76,"column":16},"end":{"line":79,"column":1}},"34":{"start":{"line":80,"column":0},"end":{"line":80,"column":25}}},"fnMap":{"0":{"name":"(anonymous_0)","decl":{"start":{"line":7,"column":14},"end":{"line":7,"column":15}},"loc":{"start":{"line":7,"column":40},"end":{"line":56,"column":1}},"line":7},"1":{"name":"(anonymous_1)","decl":{"start":{"line":58,"column":10},"end":{"line":58,"column":11}},"loc":{"start":{"line":58,"column":30},"end":{"line":74,"column":1}},"line":58},"2":{"name":"(anonymous_2)","decl":{"start":{"line":59,"column":33},"end":{"line":59,"column":34}},"loc":{"start":{"line":59,"column":43},"end":{"line":73,"column":3}},"line":59},"3":{"name":"(anonymous_3)","decl":{"start":{"line":60,"column":25},"end":{"line":60,"column":26}},"loc":{"start":{"line":60,"column":36},"end":{"line":72,"column":5}},"line":60}},"branchMap":{"0":{"loc":{"start":{"line":10,"column":2},"end":{"line":14,"column":3}},"type":"if","locations":[{"start":{"line":10,"column":2},"end":{"line":14,"column":3}},{"start":{},"end":{}}],"line":10},"1":{"loc":{"start":{"line":25,"column":4},"end":{"line":29,"column":5}},"type":"if","locations":[{"start":{"line":25,"column":4},"end":{"line":29,"column":5}},{"start":{},"end":{}}],"line":25},"2":{"loc":{"start":{"line":31,"column":4},"end":{"line":35,"column":5}},"type":"if","locations":[{"start":{"line":31,"column":4},"end":{"line":35,"column":5}},{"start":{},"end":{}}],"line":31},"3":{"loc":{"start":{"line":37,"column":4},"end":{"line":41,"column":5}},"type":"if","locations":[{"start":{"line":37,"column":4},"end":{"line":41,"column":5}},{"start":{},"end":{}}],"line":37},"4":{"loc":{"start":{"line":62,"column":8},"end":{"line":65,"column":9}},"type":"if","locations":[{"start":{"line":62,"column":8},"end":{"line":65,"column":9}},{"start":{},"end":{}}],"line":62}},"s":{"0":2,"1":2,"2":2,"3":2,"4":2,"5":2,"6":8,"7":8,"8":1,"9":7,"10":7,"11":7,"12":7,"13":0,"14":7,"15":1,"16":6,"17":0,"18":6,"19":6,"20":6,"21":6,"22":0,"23":2,"24":0,"25":0,"26":0,"27":0,"28":0,"29":0,"30":0,"31":0,"32":0,"33":2,"34":2},"f":{"0":8,"1":0,"2":0,"3":0},"b":{"0":[1,7],"1":[0,7],"2":[1,6],"3":[0,6],"4":[0,0]},"_coverageSchema":"1a1c01bbd47fc00a2c39e90264f33305004495a9","hash":"30ef6a50d0fd502c4e798bef5ec7147168bbf04e"}
,"/Users/menglinurmamedova/Downloads/lesson6/jwt-auth/app/middleware/index.js": {"path":"/Users/menglinurmamedova/Downloads/lesson6/jwt-auth/app/middleware/index.js","statementMap":{"0":{"start":{"line":1,"column":16},"end":{"line":1,"column":36}},"1":{"start":{"line":2,"column":21},"end":{"line":2,"column":46}},"2":{"start":{"line":4,"column":0},"end":{"line":7,"column":2}}},"fnMap":{},"branchMap":{},"s":{"0":2,"1":2,"2":2},"f":{},"b":{},"_coverageSchema":"1a1c01bbd47fc00a2c39e90264f33305004495a9","hash":"a05c0d2d5213a8292058bd835da1384ba965f43f"}
,"/Users/menglinurmamedova/Downloads/lesson6/jwt-auth/app/middleware/verifySignUp.js": {"path":"/Users/menglinurmamedova/Downloads/lesson6/jwt-auth/app/middleware/verifySignUp.js","statementMap":{"0":{"start":{"line":1,"column":11},"end":{"line":1,"column":31}},"1":{"start":{"line":2,"column":14},"end":{"line":2,"column":22}},"2":{"start":{"line":3,"column":13},"end":{"line":3,"column":20}},"3":{"start":{"line":5,"column":0},"end":{"line":33,"column":2}},"4":{"start":{"line":6,"column":2},"end":{"line":32,"column":5}},"5":{"start":{"line":11,"column":4},"end":{"line":16,"column":5}},"6":{"start":{"line":12,"column":6},"end":{"line":14,"column":9}},"7":{"start":{"line":15,"column":6},"end":{"line":15,"column":13}},"8":{"start":{"line":18,"column":4},"end":{"line":31,"column":7}},"9":{"start":{"line":23,"column":6},"end":{"line":28,"column":7}},"10":{"start":{"line":24,"column":8},"end":{"line":26,"column":11}},"11":{"start":{"line":27,"column":8},"end":{"line":27,"column":15}},"12":{"start":{"line":30,"column":6},"end":{"line":30,"column":13}},"13":{"start":{"line":35,"column":0},"end":{"line":48,"column":2}},"14":{"start":{"line":36,"column":2},"end":{"line":45,"column":3}},"15":{"start":{"line":37,"column":4},"end":{"line":44,"column":5}},"16":{"start":{"line":37,"column":17},"end":{"line":37,"column":18}},"17":{"start":{"line":38,"column":6},"end":{"line":43,"column":7}},"18":{"start":{"line":39,"column":8},"end":{"line":41,"column":11}},"19":{"start":{"line":42,"column":8},"end":{"line":42,"column":15}},"20":{"start":{"line":47,"column":2},"end":{"line":47,"column":9}},"21":{"start":{"line":50,"column":21},"end":{"line":53,"column":1}},"22":{"start":{"line":55,"column":0},"end":{"line":55,"column":30}}},"fnMap":{"0":{"name":"(anonymous_0)","decl":{"start":{"line":5,"column":32},"end":{"line":5,"column":33}},"loc":{"start":{"line":5,"column":52},"end":{"line":33,"column":1}},"line":5},"1":{"name":"(anonymous_1)","decl":{"start":{"line":10,"column":10},"end":{"line":10,"column":11}},"loc":{"start":{"line":10,"column":18},"end":{"line":32,"column":3}},"line":10},"2":{"name":"(anonymous_2)","decl":{"start":{"line":22,"column":12},"end":{"line":22,"column":13}},"loc":{"start":{"line":22,"column":20},"end":{"line":31,"column":5}},"line":22},"3":{"name":"(anonymous_3)","decl":{"start":{"line":35,"column":20},"end":{"line":35,"column":21}},"loc":{"start":{"line":35,"column":40},"end":{"line":48,"column":1}},"line":35}},"branchMap":{"0":{"loc":{"start":{"line":11,"column":4},"end":{"line":16,"column":5}},"type":"if","locations":[{"start":{"line":11,"column":4},"end":{"line":16,"column":5}},{"start":{},"end":{}}],"line":11},"1":{"loc":{"start":{"line":23,"column":6},"end":{"line":28,"column":7}},"type":"if","locations":[{"start":{"line":23,"column":6},"end":{"line":28,"column":7}},{"start":{},"end":{}}],"line":23},"2":{"loc":{"start":{"line":36,"column":2},"end":{"line":45,"column":3}},"type":"if","locations":[{"start":{"line":36,"column":2},"end":{"line":45,"column":3}},{"start":{},"end":{}}],"line":36},"3":{"loc":{"start":{"line":38,"column":6},"end":{"line":43,"column":7}},"type":"if","locations":[{"start":{"line":38,"column":6},"end":{"line":43,"column":7}},{"start":{},"end":{}}],"line":38}},"s":{"0":2,"1":2,"2":2,"3":2,"4":2,"5":2,"6":0,"7":0,"8":2,"9":2,"10":0,"11":0,"12":2,"13":2,"14":2,"15":1,"16":1,"17":1,"18":0,"19":0,"20":2,"21":2,"22":2},"f":{"0":2,"1":2,"2":2,"3":2},"b":{"0":[0,2],"1":[0,2],"2":[1,1],"3":[0,1]},"_coverageSchema":"1a1c01bbd47fc00a2c39e90264f33305004495a9","hash":"7e6cae6a8e1cc1ed2e37c222d6188bf9fe118b36"}
,"/Users/menglinurmamedova/Downloads/lesson6/jwt-auth/app/models/index.js": {"path":"/Users/menglinurmamedova/Downloads/lesson6/jwt-auth/app/models/index.js","statementMap":{"0":{"start":{"line":1,"column":15},"end":{"line":1,"column":48}},"1":{"start":{"line":3,"column":18},"end":{"line":3,"column":38}},"2":{"start":{"line":4,"column":18},"end":{"line":13,"column":2}},"3":{"start":{"line":15,"column":11},"end":{"line":15,"column":13}},"4":{"start":{"line":17,"column":0},"end":{"line":17,"column":25}},"5":{"start":{"line":18,"column":0},"end":{"line":18,"column":25}},"6":{"start":{"line":20,"column":0},"end":{"line":20,"column":67}},"7":{"start":{"line":21,"column":0},"end":{"line":21,"column":67}},"8":{"start":{"line":22,"column":0},"end":{"line":22,"column":80}},"9":{"start":{"line":24,"column":0},"end":{"line":26,"column":3}},"10":{"start":{"line":27,"column":0},"end":{"line":29,"column":3}},"11":{"start":{"line":32,"column":0},"end":{"line":32,"column":57}},"12":{"start":{"line":33,"column":0},"end":{"line":33,"column":59}},"13":{"start":{"line":35,"column":0},"end":{"line":35,"column":29}},"14":{"start":{"line":37,"column":0},"end":{"line":37,"column":20}}},"fnMap":{},"branchMap":{},"s":{"0":2,"1":2,"2":2,"3":2,"4":2,"5":2,"6":2,"7":2,"8":2,"9":2,"10":2,"11":2,"12":2,"13":2,"14":2},"f":{},"b":{},"_coverageSchema":"1a1c01bbd47fc00a2c39e90264f33305004495a9","hash":"f6d4adde4ecb032bf7dcd11a400ab17cce9b7b70"}
,"/Users/menglinurmamedova/Downloads/lesson6/jwt-auth/app/models/role.model.js": {"path":"/Users/menglinurmamedova/Downloads/lesson6/jwt-auth/app/models/role.model.js","statementMap":{"0":{"start":{"line":1,"column":0},"end":{"line":13,"column":2}},"1":{"start":{"line":2,"column":15},"end":{"line":10,"column":4}},"2":{"start":{"line":12,"column":2},"end":{"line":12,"column":14}}},"fnMap":{"0":{"name":"(anonymous_0)","decl":{"start":{"line":1,"column":17},"end":{"line":1,"column":18}},"loc":{"start":{"line":1,"column":43},"end":{"line":13,"column":1}},"line":1}},"branchMap":{},"s":{"0":2,"1":2,"2":2},"f":{"0":2},"b":{},"_coverageSchema":"1a1c01bbd47fc00a2c39e90264f33305004495a9","hash":"6dde8cb36acf67674dc0e174788a094d620313f8"}
,"/Users/menglinurmamedova/Downloads/lesson6/jwt-auth/app/models/token-usage.model.js": {"path":"/Users/menglinurmamedova/Downloads/lesson6/jwt-auth/app/models/token-usage.model.js","statementMap":{"0":{"start":{"line":1,"column":0},"end":{"line":31,"column":2}},"1":{"start":{"line":2,"column":21},"end":{"line":28,"column":4}},"2":{"start":{"line":30,"column":2},"end":{"line":30,"column":20}}},"fnMap":{"0":{"name":"(anonymous_0)","decl":{"start":{"line":1,"column":17},"end":{"line":1,"column":18}},"loc":{"start":{"line":1,"column":43},"end":{"line":31,"column":1}},"line":1}},"branchMap":{},"s":{"0":2,"1":2,"2":2},"f":{"0":2},"b":{},"_coverageSchema":"1a1c01bbd47fc00a2c39e90264f33305004495a9","hash":"87d4002c7ca025e5a60c70cadc63bec2d75a6739"}
,"/Users/menglinurmamedova/Downloads/lesson6/jwt-auth/app/models/user.model.js": {"path":"/Users/menglinurmamedova/Downloads/lesson6/jwt-auth/app/models/user.model.js","statementMap":{"0":{"start":{"line":1,"column":0},"end":{"line":18,"column":2}},"1":{"start":{"line":2,"column":15},"end":{"line":15,"column":4}},"2":{"start":{"line":17,"column":2},"end":{"line":17,"column":14}}},"fnMap":{"0":{"name":"(anonymous_0)","decl":{"start":{"line":1,"column":17},"end":{"line":1,"column":18}},"loc":{"start":{"line":1,"column":43},"end":{"line":18,"column":1}},"line":1}},"branchMap":{},"s":{"0":2,"1":2,"2":2},"f":{"0":2},"b":{},"_coverageSchema":"1a1c01bbd47fc00a2c39e90264f33305004495a9","hash":"a55c3b261837ad72dc0c3d45c69bd898a2fd061d"}
,"/Users/menglinurmamedova/Downloads/lesson6/jwt-auth/app/routes/auth.routes.js": {"path":"/Users/menglinurmamedova/Downloads/lesson6/jwt-auth/app/routes/auth.routes.js","statementMap":{"0":{"start":{"line":1,"column":25},"end":{"line":1,"column":49}},"1":{"start":{"line":2,"column":19},"end":{"line":2,"column":60}},"2":{"start":{"line":4,"column":0},"end":{"line":26,"column":2}},"3":{"start":{"line":5,"column":2},"end":{"line":11,"column":5}},"4":{"start":{"line":6,"column":4},"end":{"line":9,"column":6}},"5":{"start":{"line":10,"column":4},"end":{"line":10,"column":11}},"6":{"start":{"line":13,"column":2},"end":{"line":20,"column":4}},"7":{"start":{"line":22,"column":2},"end":{"line":22,"column":50}},"8":{"start":{"line":25,"column":2},"end":{"line":25,"column":57}}},"fnMap":{"0":{"name":"(anonymous_0)","decl":{"start":{"line":4,"column":17},"end":{"line":4,"column":18}},"loc":{"start":{"line":4,"column":32},"end":{"line":26,"column":1}},"line":4},"1":{"name":"(anonymous_1)","decl":{"start":{"line":5,"column":10},"end":{"line":5,"column":11}},"loc":{"start":{"line":5,"column":36},"end":{"line":11,"column":3}},"line":5}},"branchMap":{},"s":{"0":2,"1":2,"2":2,"3":2,"4":13,"5":13,"6":2,"7":2,"8":2},"f":{"0":2,"1":13},"b":{},"_coverageSchema":"1a1c01bbd47fc00a2c39e90264f33305004495a9","hash":"d9b446d9726dd07cbadd880fc0cf3cbfe22ddb23"}
,"/Users/menglinurmamedova/Downloads/lesson6/jwt-auth/app/routes/user.routes.js": {"path":"/Users/menglinurmamedova/Downloads/lesson6/jwt-auth/app/routes/user.routes.js","statementMap":{"0":{"start":{"line":1,"column":20},"end":{"line":1,"column":44}},"1":{"start":{"line":2,"column":19},"end":{"line":2,"column":60}},"2":{"start":{"line":4,"column":0},"end":{"line":26,"column":2}},"3":{"start":{"line":5,"column":2},"end":{"line":11,"column":5}},"4":{"start":{"line":6,"column":4},"end":{"line":9,"column":6}},"5":{"start":{"line":10,"column":4},"end":{"line":10,"column":11}},"6":{"start":{"line":13,"column":2},"end":{"line":13,"column":49}},"7":{"start":{"line":15,"column":2},"end":{"line":19,"column":4}},"8":{"start":{"line":21,"column":2},"end":{"line":25,"column":4}}},"fnMap":{"0":{"name":"(anonymous_0)","decl":{"start":{"line":4,"column":17},"end":{"line":4,"column":18}},"loc":{"start":{"line":4,"column":31},"end":{"line":26,"column":1}},"line":4},"1":{"name":"(anonymous_1)","decl":{"start":{"line":5,"column":10},"end":{"line":5,"column":11}},"loc":{"start":{"line":5,"column":35},"end":{"line":11,"column":3}},"line":5}},"branchMap":{},"s":{"0":2,"1":2,"2":2,"3":2,"4":8,"5":8,"6":2,"7":2,"8":2},"f":{"0":2,"1":8},"b":{},"_coverageSchema":"1a1c01bbd47fc00a2c39e90264f33305004495a9","hash":"d65d0084702a0e6701f2163a5055a372bc109128"}
}
