TN:
SF:server.js
FN:14,(anonymous_0)
FN:23,(anonymous_1)
FN:33,(anonymous_2)
FN:40,initial
FN:47,(anonymous_4)
FN:59,(anonymous_5)
FN:64,(anonymous_6)
FN:65,(anonymous_7)
FNF:8
FNH:5
FNDA:0,(anonymous_0)
FNDA:0,(anonymous_1)
FNDA:0,(anonymous_2)
FNDA:2,initial
FNDA:2,(anonymous_4)
FNDA:2,(anonymous_5)
FNDA:2,(anonymous_6)
FNDA:2,(anonymous_7)
DA:1,2
DA:2,2
DA:4,2
DA:6,2
DA:7,2
DA:8,2
DA:10,2
DA:11,2
DA:14,2
DA:15,0
DA:23,2
DA:24,0
DA:33,2
DA:34,0
DA:37,2
DA:38,2
DA:41,2
DA:48,2
DA:59,2
DA:60,2
DA:61,2
DA:62,2
DA:64,2
DA:65,2
DA:66,2
DA:67,0
DA:69,2
DA:70,2
DA:75,0
DA:76,0
DA:81,2
DA:82,0
DA:85,2
LF:33
LH:26
BRDA:28,0,0,0
BRDA:28,0,1,0
BRDA:29,1,0,0
BRDA:29,1,1,0
BRDA:59,2,0,0
BRDA:59,3,0,0
BRDA:59,3,1,0
BRDA:66,4,0,0
BRDA:66,4,1,2
BRDA:81,5,0,0
BRDA:81,5,1,2
BRF:11
BRH:2
end_of_record
TN:
SF:app/config/auth.config.js
FNF:0
FNH:0
DA:1,3
LF:1
LH:1
BRF:0
BRH:0
end_of_record
TN:
SF:app/config/db.config.js
FNF:0
FNH:0
DA:1,3
LF:1
LH:1
BRDA:2,0,0,3
BRDA:2,0,1,3
BRDA:3,1,0,3
BRDA:3,1,1,3
BRDA:4,2,0,3
BRDA:4,2,1,3
BRDA:5,3,0,3
BRDA:5,3,1,3
BRF:8
BRH:8
end_of_record
TN:
SF:app/controllers/auth.controller.js
FN:13,(anonymous_0)
FN:19,(anonymous_1)
FN:27,(anonymous_2)
FN:28,(anonymous_3)
FN:33,(anonymous_4)
FN:38,(anonymous_5)
FN:43,(anonymous_6)
FN:49,(anonymous_7)
FN:103,(anonymous_8)
FN:118,(anonymous_9)
FN:123,(anonymous_10)
FN:130,(anonymous_11)
FN:136,(anonymous_12)
FN:183,(anonymous_13)
FNF:14
FNH:11
FNDA:2,(anonymous_0)
FNDA:2,(anonymous_1)
FNDA:1,(anonymous_2)
FNDA:1,(anonymous_3)
FNDA:1,(anonymous_4)
FNDA:0,(anonymous_5)
FNDA:3,(anonymous_6)
FNDA:3,(anonymous_7)
FNDA:3,(anonymous_8)
FNDA:0,(anonymous_9)
FNDA:1,(anonymous_10)
FNDA:1,(anonymous_11)
FNDA:1,(anonymous_12)
FNDA:0,(anonymous_13)
DA:1,2
DA:2,2
DA:3,2
DA:4,2
DA:5,2
DA:7,2
DA:9,2
DA:10,2
DA:11,2
DA:13,2
DA:14,2
DA:20,2
DA:21,1
DA:28,1
DA:29,1
DA:33,1
DA:34,1
DA:39,0
DA:43,2
DA:44,3
DA:50,3
DA:51,0
DA:54,3
DA:59,3
DA:60,0
DA:66,3
DA:67,3
DA:80,3
DA:92,3
DA:94,3
DA:102,3
DA:103,3
DA:104,3
DA:105,4
DA:107,3
DA:119,0
DA:123,2
DA:124,1
DA:126,1
DA:127,0
DA:130,1
DA:131,1
DA:132,0
DA:135,1
DA:137,1
DA:138,0
DA:141,1
DA:142,1
DA:155,1
DA:167,1
DA:169,1
DA:177,1
DA:184,0
LF:53
LH:45
BRDA:20,0,0,1
BRDA:20,0,1,1
BRDA:50,1,0,0
BRDA:50,1,1,3
BRDA:59,2,0,0
BRDA:59,2,1,3
BRDA:126,3,0,0
BRDA:126,3,1,1
BRDA:131,4,0,0
BRDA:131,4,1,1
BRDA:137,5,0,0
BRDA:137,5,1,1
BRDA:137,6,0,1
BRDA:137,6,1,1
BRF:14
BRH:9
end_of_record
TN:
SF:app/controllers/user.controller.js
FN:1,(anonymous_0)
FN:5,(anonymous_1)
FN:9,(anonymous_2)
FNF:3
FNH:2
FNDA:0,(anonymous_0)
FNDA:7,(anonymous_1)
FNDA:1,(anonymous_2)
DA:1,2
DA:2,0
DA:5,2
DA:6,7
DA:9,2
DA:10,1
LF:6
LH:5
BRF:0
BRH:0
end_of_record
TN:
SF:app/middleware/authJwt.js
FN:7,(anonymous_0)
FN:58,(anonymous_1)
FN:59,(anonymous_2)
FN:60,(anonymous_3)
FNF:4
FNH:4
FNDA:12,(anonymous_0)
FNDA:1,(anonymous_1)
FNDA:1,(anonymous_2)
FNDA:1,(anonymous_3)
DA:1,3
DA:2,3
DA:3,3
DA:4,3
DA:5,3
DA:7,3
DA:8,12
DA:10,12
DA:11,2
DA:16,10
DA:17,10
DA:18,9
DA:25,9
DA:26,0
DA:31,9
DA:32,1
DA:37,8
DA:38,0
DA:44,8
DA:48,8
DA:49,8
DA:50,8
DA:52,1
DA:58,3
DA:59,1
DA:60,1
DA:61,1
DA:62,2
DA:63,1
DA:64,1
DA:68,0
DA:71,0
DA:76,3
DA:80,3
LF:34
LH:30
BRDA:10,0,0,2
BRDA:10,0,1,10
BRDA:25,1,0,0
BRDA:25,1,1,9
BRDA:31,2,0,1
BRDA:31,2,1,8
BRDA:37,3,0,0
BRDA:37,3,1,8
BRDA:62,4,0,1
BRDA:62,4,1,1
BRF:10
BRH:8
end_of_record
TN:
SF:app/middleware/index.js
FNF:0
FNH:0
DA:1,2
DA:2,2
DA:4,2
LF:3
LH:3
BRF:0
BRH:0
end_of_record
TN:
SF:app/middleware/verifySignUp.js
FN:5,(anonymous_0)
FN:10,(anonymous_1)
FN:22,(anonymous_2)
FN:35,(anonymous_3)
FNF:4
FNH:4
FNDA:2,(anonymous_0)
FNDA:2,(anonymous_1)
FNDA:2,(anonymous_2)
FNDA:2,(anonymous_3)
DA:1,3
DA:2,3
DA:3,3
DA:5,3
DA:6,2
DA:11,2
DA:12,0
DA:15,0
DA:18,2
DA:23,2
DA:24,0
DA:27,0
DA:30,2
DA:35,3
DA:36,2
DA:37,1
DA:38,2
DA:39,0
DA:42,0
DA:47,2
DA:50,3
DA:55,3
LF:22
LH:16
BRDA:11,0,0,0
BRDA:11,0,1,2
BRDA:23,1,0,0
BRDA:23,1,1,2
BRDA:36,2,0,1
BRDA:36,2,1,1
BRDA:38,3,0,0
BRDA:38,3,1,2
BRF:8
BRH:5
end_of_record
TN:
SF:app/models/index.js
FNF:0
FNH:0
DA:1,3
DA:3,3
DA:4,3
DA:15,3
DA:17,3
DA:18,3
DA:20,3
DA:21,3
DA:22,3
DA:24,3
DA:27,3
DA:32,3
DA:33,3
DA:35,3
DA:37,3
LF:15
LH:15
BRF:0
BRH:0
end_of_record
TN:
SF:app/models/role.model.js
FN:1,(anonymous_0)
FNF:1
FNH:1
FNDA:3,(anonymous_0)
DA:1,3
DA:2,3
DA:12,3
LF:3
LH:3
BRF:0
BRH:0
end_of_record
TN:
SF:app/models/token-usage.model.js
FN:1,(anonymous_0)
FNF:1
FNH:1
FNDA:3,(anonymous_0)
DA:1,3
DA:2,3
DA:30,3
LF:3
LH:3
BRF:0
BRH:0
end_of_record
TN:
SF:app/models/user.model.js
FN:1,(anonymous_0)
FNF:1
FNH:1
FNDA:3,(anonymous_0)
DA:1,3
DA:2,3
DA:17,3
LF:3
LH:3
BRF:0
BRH:0
end_of_record
TN:
SF:app/routes/auth.routes.js
FN:4,(anonymous_0)
FN:5,(anonymous_1)
FNF:2
FNH:2
FNDA:2,(anonymous_0)
FNDA:17,(anonymous_1)
DA:1,2
DA:2,2
DA:4,2
DA:5,2
DA:6,17
DA:10,17
DA:13,2
DA:22,2
DA:25,2
LF:9
LH:9
BRF:0
BRH:0
end_of_record
TN:
SF:app/routes/user.routes.js
FN:4,(anonymous_0)
FN:5,(anonymous_1)
FNF:2
FNH:2
FNDA:2,(anonymous_0)
FNDA:11,(anonymous_1)
DA:1,2
DA:2,2
DA:4,2
DA:5,2
DA:6,11
DA:10,11
DA:13,2
DA:15,2
DA:21,2
LF:9
LH:9
BRF:0
BRH:0
end_of_record
