TN:
SF:server.js
FN:19,(anonymous_0)
FN:27,(anonymous_1)
FN:35,(anonymous_2)
FN:42,initial
FN:63,(anonymous_4)
FN:70,(anonymous_5)
FNF:6
FNH:2
FNDA:0,(anonymous_0)
FNDA:0,(anonymous_1)
FNDA:0,(anonymous_2)
FNDA:2,initial
FNDA:0,(anonymous_4)
FNDA:2,(anonymous_5)
DA:1,2
DA:2,2
DA:4,2
DA:6,2
DA:10,2
DA:12,2
DA:13,2
DA:15,2
DA:16,2
DA:19,2
DA:20,0
DA:27,2
DA:28,0
DA:35,2
DA:36,0
DA:39,2
DA:40,2
DA:43,2
DA:51,2
DA:61,2
DA:62,0
DA:63,0
DA:64,0
DA:65,0
DA:66,0
DA:70,2
DA:71,2
DA:72,2
DA:76,2
LF:29
LH:21
BRDA:61,0,0,0
BRDA:61,0,1,2
BRDA:62,1,0,0
BRDA:62,1,1,0
BRF:4
BRH:1
end_of_record
TN:
SF:app/config/auth.config.js
FNF:0
FNH:0
DA:1,2
LF:1
LH:1
BRF:0
BRH:0
end_of_record
TN:
SF:app/config/db.config.js
FNF:0
FNH:0
DA:1,2
LF:1
LH:1
BRDA:2,0,0,2
BRDA:2,0,1,2
BRDA:3,1,0,2
BRDA:3,1,1,2
BRDA:4,2,0,2
BRDA:4,2,1,2
BRDA:5,3,0,2
BRDA:5,3,1,2
BRF:8
BRH:8
end_of_record
TN:
SF:app/controllers/auth.controller.js
FN:13,(anonymous_0)
FN:19,(anonymous_1)
FN:27,(anonymous_2)
FN:28,(anonymous_3)
FN:33,(anonymous_4)
FN:38,(anonymous_5)
FN:43,(anonymous_6)
FN:49,(anonymous_7)
FN:103,(anonymous_8)
FN:118,(anonymous_9)
FN:123,(anonymous_10)
FN:130,(anonymous_11)
FN:136,(anonymous_12)
FN:183,(anonymous_13)
FNF:14
FNH:11
FNDA:2,(anonymous_0)
FNDA:2,(anonymous_1)
FNDA:1,(anonymous_2)
FNDA:1,(anonymous_3)
FNDA:1,(anonymous_4)
FNDA:0,(anonymous_5)
FNDA:2,(anonymous_6)
FNDA:2,(anonymous_7)
FNDA:2,(anonymous_8)
FNDA:0,(anonymous_9)
FNDA:1,(anonymous_10)
FNDA:1,(anonymous_11)
FNDA:1,(anonymous_12)
FNDA:0,(anonymous_13)
DA:1,2
DA:2,2
DA:3,2
DA:4,2
DA:5,2
DA:7,2
DA:9,2
DA:10,2
DA:11,2
DA:13,2
DA:14,2
DA:20,2
DA:21,1
DA:28,1
DA:29,1
DA:33,1
DA:34,1
DA:39,0
DA:43,2
DA:44,2
DA:50,2
DA:51,0
DA:54,2
DA:59,2
DA:60,0
DA:66,2
DA:67,2
DA:80,2
DA:92,2
DA:94,2
DA:102,2
DA:103,2
DA:104,2
DA:105,2
DA:107,2
DA:119,0
DA:123,2
DA:124,1
DA:126,1
DA:127,0
DA:130,1
DA:131,1
DA:132,0
DA:135,1
DA:137,1
DA:138,0
DA:141,1
DA:142,1
DA:155,1
DA:167,1
DA:169,1
DA:177,1
DA:184,0
LF:53
LH:45
BRDA:20,0,0,1
BRDA:20,0,1,1
BRDA:50,1,0,0
BRDA:50,1,1,2
BRDA:59,2,0,0
BRDA:59,2,1,2
BRDA:126,3,0,0
BRDA:126,3,1,1
BRDA:131,4,0,0
BRDA:131,4,1,1
BRDA:137,5,0,0
BRDA:137,5,1,1
BRDA:137,6,0,1
BRDA:137,6,1,1
BRF:14
BRH:9
end_of_record
TN:
SF:app/controllers/user.controller.js
FN:1,(anonymous_0)
FN:5,(anonymous_1)
FN:9,(anonymous_2)
FNF:3
FNH:1
FNDA:0,(anonymous_0)
FNDA:6,(anonymous_1)
FNDA:0,(anonymous_2)
DA:1,2
DA:2,0
DA:5,2
DA:6,6
DA:9,2
DA:10,0
LF:6
LH:4
BRF:0
BRH:0
end_of_record
TN:
SF:app/middleware/authJwt.js
FN:7,(anonymous_0)
FN:58,(anonymous_1)
FN:59,(anonymous_2)
FN:60,(anonymous_3)
FNF:4
FNH:1
FNDA:8,(anonymous_0)
FNDA:0,(anonymous_1)
FNDA:0,(anonymous_2)
FNDA:0,(anonymous_3)
DA:1,2
DA:2,2
DA:3,2
DA:4,2
DA:5,2
DA:7,2
DA:8,8
DA:10,8
DA:11,1
DA:16,7
DA:17,7
DA:18,7
DA:25,7
DA:26,0
DA:31,7
DA:32,1
DA:37,6
DA:38,0
DA:44,6
DA:48,6
DA:49,6
DA:50,6
DA:52,0
DA:58,2
DA:59,0
DA:60,0
DA:61,0
DA:62,0
DA:63,0
DA:64,0
DA:68,0
DA:71,0
DA:76,2
DA:80,2
LF:34
LH:23
BRDA:10,0,0,1
BRDA:10,0,1,7
BRDA:25,1,0,0
BRDA:25,1,1,7
BRDA:31,2,0,1
BRDA:31,2,1,6
BRDA:37,3,0,0
BRDA:37,3,1,6
BRDA:62,4,0,0
BRDA:62,4,1,0
BRF:10
BRH:6
end_of_record
TN:
SF:app/middleware/index.js
FNF:0
FNH:0
DA:1,2
DA:2,2
DA:4,2
LF:3
LH:3
BRF:0
BRH:0
end_of_record
TN:
SF:app/middleware/verifySignUp.js
FN:5,(anonymous_0)
FN:10,(anonymous_1)
FN:22,(anonymous_2)
FN:35,(anonymous_3)
FNF:4
FNH:4
FNDA:2,(anonymous_0)
FNDA:2,(anonymous_1)
FNDA:2,(anonymous_2)
FNDA:2,(anonymous_3)
DA:1,2
DA:2,2
DA:3,2
DA:5,2
DA:6,2
DA:11,2
DA:12,0
DA:15,0
DA:18,2
DA:23,2
DA:24,0
DA:27,0
DA:30,2
DA:35,2
DA:36,2
DA:37,1
DA:38,1
DA:39,0
DA:42,0
DA:47,2
DA:50,2
DA:55,2
LF:22
LH:16
BRDA:11,0,0,0
BRDA:11,0,1,2
BRDA:23,1,0,0
BRDA:23,1,1,2
BRDA:36,2,0,1
BRDA:36,2,1,1
BRDA:38,3,0,0
BRDA:38,3,1,1
BRF:8
BRH:5
end_of_record
TN:
SF:app/models/index.js
FNF:0
FNH:0
DA:1,2
DA:3,2
DA:4,2
DA:15,2
DA:17,2
DA:18,2
DA:20,2
DA:21,2
DA:22,2
DA:24,2
DA:27,2
DA:32,2
DA:33,2
DA:35,2
DA:37,2
LF:15
LH:15
BRF:0
BRH:0
end_of_record
TN:
SF:app/models/role.model.js
FN:1,(anonymous_0)
FNF:1
FNH:1
FNDA:2,(anonymous_0)
DA:1,2
DA:2,2
DA:12,2
LF:3
LH:3
BRF:0
BRH:0
end_of_record
TN:
SF:app/models/token-usage.model.js
FN:1,(anonymous_0)
FNF:1
FNH:1
FNDA:2,(anonymous_0)
DA:1,2
DA:2,2
DA:30,2
LF:3
LH:3
BRF:0
BRH:0
end_of_record
TN:
SF:app/models/user.model.js
FN:1,(anonymous_0)
FNF:1
FNH:1
FNDA:2,(anonymous_0)
DA:1,2
DA:2,2
DA:17,2
LF:3
LH:3
BRF:0
BRH:0
end_of_record
TN:
SF:app/routes/auth.routes.js
FN:4,(anonymous_0)
FN:5,(anonymous_1)
FNF:2
FNH:2
FNDA:2,(anonymous_0)
FNDA:13,(anonymous_1)
DA:1,2
DA:2,2
DA:4,2
DA:5,2
DA:6,13
DA:10,13
DA:13,2
DA:22,2
DA:25,2
LF:9
LH:9
BRF:0
BRH:0
end_of_record
TN:
SF:app/routes/user.routes.js
FN:4,(anonymous_0)
FN:5,(anonymous_1)
FNF:2
FNH:2
FNDA:2,(anonymous_0)
FNDA:8,(anonymous_1)
DA:1,2
DA:2,2
DA:4,2
DA:5,2
DA:6,8
DA:10,8
DA:13,2
DA:15,2
DA:21,2
LF:9
LH:9
BRF:0
BRH:0
end_of_record
